0 info it worked if it ends with ok
1 verbose cli [ 'C:\\Program Files\\nodejs\\node.exe',
1 verbose cli   'C:\\Program Files\\nodejs\\node_modules\\npm\\bin\\npm-cli.js',
1 verbose cli   'i',
1 verbose cli   'iconv' ]
2 info using npm@2.14.20
3 info using node@v4.4.0
4 verbose install initial load of D:\OpenServer\domains\yuap.m\package.json
5 warn package.json yuap.m@1.0.0 No description
6 warn package.json yuap.m@1.0.0 No README data
7 verbose installManyTop reading scoped package data from D:\OpenServer\domains\yuap.m\node_modules\async\package.json
8 verbose installManyTop reading scoped package data from D:\OpenServer\domains\yuap.m\node_modules\body-parser\package.json
9 verbose installManyTop reading scoped package data from D:\OpenServer\domains\yuap.m\node_modules\browser-sync\package.json
10 verbose installManyTop reading scoped package data from D:\OpenServer\domains\yuap.m\node_modules\cookie-parser\package.json
11 verbose installManyTop reading scoped package data from D:\OpenServer\domains\yuap.m\node_modules\cp1251-utf8\package.json
12 verbose installManyTop reading scoped package data from D:\OpenServer\domains\yuap.m\node_modules\debug\package.json
13 verbose installManyTop reading scoped package data from D:\OpenServer\domains\yuap.m\node_modules\errorhandler\package.json
14 verbose installManyTop reading scoped package data from D:\OpenServer\domains\yuap.m\node_modules\express\package.json
15 verbose installManyTop reading scoped package data from D:\OpenServer\domains\yuap.m\node_modules\express-session\package.json
16 verbose installManyTop reading scoped package data from D:\OpenServer\domains\yuap.m\node_modules\fs\package.json
17 verbose installManyTop reading scoped package data from D:\OpenServer\domains\yuap.m\node_modules\gulp\package.json
18 verbose installManyTop reading scoped package data from D:\OpenServer\domains\yuap.m\node_modules\gulp-autoprefixer\package.json
19 verbose installManyTop reading scoped package data from D:\OpenServer\domains\yuap.m\node_modules\gulp-base64\package.json
20 verbose installManyTop reading scoped package data from D:\OpenServer\domains\yuap.m\node_modules\gulp-concat\package.json
21 verbose installManyTop reading scoped package data from D:\OpenServer\domains\yuap.m\node_modules\gulp-csso\package.json
22 verbose installManyTop reading scoped package data from D:\OpenServer\domains\yuap.m\node_modules\gulp-livereload\package.json
23 verbose installManyTop reading scoped package data from D:\OpenServer\domains\yuap.m\node_modules\gulp-px2rem\package.json
24 verbose installManyTop reading scoped package data from D:\OpenServer\domains\yuap.m\node_modules\gulp-rename\package.json
25 verbose installManyTop reading scoped package data from D:\OpenServer\domains\yuap.m\node_modules\gulp-riot\package.json
26 verbose installManyTop reading scoped package data from D:\OpenServer\domains\yuap.m\node_modules\gulp-sass\package.json
27 verbose installManyTop reading scoped package data from D:\OpenServer\domains\yuap.m\node_modules\gulp-uglify\package.json
28 verbose installManyTop reading scoped package data from D:\OpenServer\domains\yuap.m\node_modules\http\package.json
29 verbose installManyTop reading scoped package data from D:\OpenServer\domains\yuap.m\node_modules\iconv-js\package.json
30 verbose installManyTop reading scoped package data from D:\OpenServer\domains\yuap.m\node_modules\iconv-lite\package.json
31 verbose installManyTop reading scoped package data from D:\OpenServer\domains\yuap.m\node_modules\jade\package.json
32 verbose installManyTop reading scoped package data from D:\OpenServer\domains\yuap.m\node_modules\method-override\package.json
33 verbose installManyTop reading scoped package data from D:\OpenServer\domains\yuap.m\node_modules\mongodb\package.json
34 verbose installManyTop reading scoped package data from D:\OpenServer\domains\yuap.m\node_modules\mongoose\package.json
35 verbose installManyTop reading scoped package data from D:\OpenServer\domains\yuap.m\node_modules\mongoose-redis-cache\package.json
36 verbose installManyTop reading scoped package data from D:\OpenServer\domains\yuap.m\node_modules\morgan\package.json
37 verbose installManyTop reading scoped package data from D:\OpenServer\domains\yuap.m\node_modules\multer\package.json
38 verbose installManyTop reading scoped package data from D:\OpenServer\domains\yuap.m\node_modules\nconf\package.json
39 verbose installManyTop reading scoped package data from D:\OpenServer\domains\yuap.m\node_modules\path\package.json
40 verbose installManyTop reading scoped package data from D:\OpenServer\domains\yuap.m\node_modules\request\package.json
41 verbose installManyTop reading scoped package data from D:\OpenServer\domains\yuap.m\node_modules\serve-favicon\package.json
42 verbose installManyTop reading scoped package data from D:\OpenServer\domains\yuap.m\node_modules\socket.io\package.json
43 verbose installManyTop reading scoped package data from D:\OpenServer\domains\yuap.m\node_modules\utf8\package.json
44 verbose installManyTop reading scoped package data from D:\OpenServer\domains\yuap.m\node_modules\validator\package.json
45 verbose installManyTop reading scoped package data from D:\OpenServer\domains\yuap.m\node_modules\winston\package.json
46 verbose installManyTop reading scoped package data from D:\OpenServer\domains\yuap.m\node_modules\xmljson\package.json
47 info package.json fs@0.0.2 fs is also the name of a node core module.
48 info package.json fs@0.0.2 No description
49 info package.json fs@0.0.2 No repository field.
50 info package.json fs@0.0.2 No README data
51 info package.json http@0.0.0 http is also the name of a node core module.
52 info package.json http@0.0.0 No description
53 info package.json http@0.0.0 No repository field.
54 info package.json http@0.0.0 No README data
55 info package.json iconv-js@0.3.5 license should be a valid SPDX license expression
56 info package.json mongoose-redis-cache@0.0.3 license should be a valid SPDX license expression
57 info package.json xmljson@0.2.0 No license field.
58 info package.json gulp-rename@1.2.2 No license field.
59 info package.json path@0.12.7 path is also the name of a node core module.
60 verbose readDependencies loading dependencies from D:\OpenServer\domains\yuap.m\package.json
61 silly cache add args [ 'iconv', null ]
62 verbose cache add spec iconv
63 silly cache add parsed spec Result {
63 silly cache add   raw: 'iconv',
63 silly cache add   scope: null,
63 silly cache add   name: 'iconv',
63 silly cache add   rawSpec: '',
63 silly cache add   spec: 'latest',
63 silly cache add   type: 'tag' }
64 silly addNamed iconv@latest
65 verbose addNamed "latest" is being treated as a dist-tag for iconv
66 info addNameTag [ 'iconv', 'latest' ]
67 silly mapToRegistry name iconv
68 silly mapToRegistry using default registry
69 silly mapToRegistry registry https://registry.npmjs.org/
70 silly mapToRegistry uri https://registry.npmjs.org/iconv
71 verbose addNameTag registry:https://registry.npmjs.org/iconv not in flight; fetching
72 verbose request uri https://registry.npmjs.org/iconv
73 verbose request no auth needed
74 info attempt registry request try #1 at 17:23:45
75 verbose request id 600a311aad430359
76 verbose etag "1M427E057L1DOPGNQWL92CEHS"
77 http request GET https://registry.npmjs.org/iconv
78 http 304 https://registry.npmjs.org/iconv
79 verbose headers { date: 'Thu, 21 Apr 2016 14:23:45 GMT',
79 verbose headers   via: '1.1 varnish',
79 verbose headers   'cache-control': 'max-age=300',
79 verbose headers   etag: '"1M427E057L1DOPGNQWL92CEHS"',
79 verbose headers   age: '263',
79 verbose headers   connection: 'keep-alive',
79 verbose headers   'x-served-by': 'cache-fra1234-FRA',
79 verbose headers   'x-cache': 'HIT',
79 verbose headers   'x-cache-hits': '1',
79 verbose headers   'x-timer': 'S1461248625.418704,VS0,VE0',
79 verbose headers   vary: 'Accept-Encoding' }
80 silly get cb [ 304,
80 silly get   { date: 'Thu, 21 Apr 2016 14:23:45 GMT',
80 silly get     via: '1.1 varnish',
80 silly get     'cache-control': 'max-age=300',
80 silly get     etag: '"1M427E057L1DOPGNQWL92CEHS"',
80 silly get     age: '263',
80 silly get     connection: 'keep-alive',
80 silly get     'x-served-by': 'cache-fra1234-FRA',
80 silly get     'x-cache': 'HIT',
80 silly get     'x-cache-hits': '1',
80 silly get     'x-timer': 'S1461248625.418704,VS0,VE0',
80 silly get     vary: 'Accept-Encoding' } ]
81 verbose etag https://registry.npmjs.org/iconv from cache
82 verbose get saving iconv to C:\Users\SONY\AppData\Roaming\npm-cache\registry.npmjs.org\iconv\.cache.json
83 verbose correctMkdir C:\Users\SONY\AppData\Roaming\npm-cache correctMkdir not in flight; initializing
84 silly addNameTag next cb for iconv with tag latest
85 silly addNamed iconv@2.1.11
86 verbose addNamed "2.1.11" is a plain semver version for iconv
87 silly cache afterAdd iconv@2.1.11
88 verbose afterAdd C:\Users\SONY\AppData\Roaming\npm-cache\iconv\2.1.11\package\package.json not in flight; writing
89 verbose correctMkdir C:\Users\SONY\AppData\Roaming\npm-cache correctMkdir not in flight; initializing
90 verbose afterAdd C:\Users\SONY\AppData\Roaming\npm-cache\iconv\2.1.11\package\package.json written
91 silly install resolved [ { name: 'iconv',
91 silly install resolved     main: './lib/iconv',
91 silly install resolved     version: '2.1.11',
91 silly install resolved     description: 'Text recoding in JavaScript for fun and profit!',
91 silly install resolved     homepage: 'https://github.com/bnoordhuis/node-iconv',
91 silly install resolved     repository:
91 silly install resolved      { type: 'git',
91 silly install resolved        url: 'git://github.com/bnoordhuis/node-iconv.git' },
91 silly install resolved     author: { name: 'Ben Noordhuis', email: 'info@bnoordhuis.nl' },
91 silly install resolved     engines: { node: '>=0.8.0' },
91 silly install resolved     license: 'ISC',
91 silly install resolved     dependencies: { nan: '~2.0.4' },
91 silly install resolved     devDependencies: { tap: '~0.4.8' },
91 silly install resolved     scripts: { test: 'tap test/test-*.js', install: 'node-gyp rebuild' },
91 silly install resolved     gypfile: true,
91 silly install resolved     gitHead: '19d8cad518df5be88b47d634db15920debfaf69c',
91 silly install resolved     bugs: { url: 'https://github.com/bnoordhuis/node-iconv/issues' },
91 silly install resolved     _id: 'iconv@2.1.11',
91 silly install resolved     _shasum: '5f5da93a643506f5ceaa8bd9c78d6174f8b9351a',
91 silly install resolved     _from: 'iconv@latest',
91 silly install resolved     _npmVersion: '2.14.4',
91 silly install resolved     _nodeVersion: '5.0.0-pre',
91 silly install resolved     _npmUser: { name: 'bnoordhuis', email: 'info@bnoordhuis.nl' },
91 silly install resolved     maintainers: [ [Object] ],
91 silly install resolved     dist:
91 silly install resolved      { shasum: '5f5da93a643506f5ceaa8bd9c78d6174f8b9351a',
91 silly install resolved        tarball: 'https://registry.npmjs.org/iconv/-/iconv-2.1.11.tgz' },
91 silly install resolved     directories: {},
91 silly install resolved     _resolved: 'https://registry.npmjs.org/iconv/-/iconv-2.1.11.tgz',
91 silly install resolved     readme: 'ERROR: No README data found!' } ]
92 info install iconv@2.1.11 into D:\OpenServer\domains\yuap.m
93 info installOne iconv@2.1.11
94 verbose installOne of iconv to D:\OpenServer\domains\yuap.m not in flight; installing
95 verbose correctMkdir C:\Users\SONY\AppData\Roaming\npm-cache\_locks correctMkdir not in flight; initializing
96 verbose lock using C:\Users\SONY\AppData\Roaming\npm-cache\_locks\iconv-62f1c3e027b4eafb.lock for D:\OpenServer\domains\yuap.m\node_modules\iconv
97 silly install write writing iconv 2.1.11 to D:\OpenServer\domains\yuap.m\node_modules\iconv
98 verbose unbuild node_modules\iconv
99 silly gentlyRm D:\OpenServer\domains\yuap.m\node_modules\iconv is being purged from base D:\OpenServer\domains\yuap.m
100 verbose gentlyRm don't care about contents; nuking D:\OpenServer\domains\yuap.m\node_modules\iconv
101 verbose tar unpack C:\Users\SONY\AppData\Roaming\npm-cache\iconv\2.1.11\package.tgz
102 verbose tar unpacking to D:\OpenServer\domains\yuap.m\node_modules\iconv
103 silly gentlyRm D:\OpenServer\domains\yuap.m\node_modules\iconv is being purged
104 verbose gentlyRm don't care about contents; nuking D:\OpenServer\domains\yuap.m\node_modules\iconv
105 silly gunzTarPerm modes [ '777', '666' ]
106 silly gunzTarPerm extractEntry package.json
107 silly gunzTarPerm modified mode [ 'package.json', 436, 438 ]
108 silly gunzTarPerm extractEntry .npmignore
109 silly gunzTarPerm modified mode [ '.npmignore', 436, 438 ]
110 silly gunzTarPerm extractEntry README.md
111 silly gunzTarPerm modified mode [ 'README.md', 436, 438 ]
112 silly gunzTarPerm extractEntry LICENSE
113 silly gunzTarPerm modified mode [ 'LICENSE', 436, 438 ]
114 silly gunzTarPerm extractEntry binding.gyp
115 silly gunzTarPerm modified mode [ 'binding.gyp', 436, 438 ]
116 silly gunzTarPerm extractEntry deps/libiconv/README
117 silly gunzTarPerm modified mode [ 'deps/libiconv/README', 436, 438 ]
118 silly gunzTarPerm extractEntry deps/libiconv/INSTALL.generic
119 silly gunzTarPerm modified mode [ 'deps/libiconv/INSTALL.generic', 436, 438 ]
120 silly gunzTarPerm extractEntry deps/libiconv/COPYING
121 silly gunzTarPerm modified mode [ 'deps/libiconv/COPYING', 436, 438 ]
122 silly gunzTarPerm extractEntry deps/libiconv/COPYING.LIB
123 silly gunzTarPerm modified mode [ 'deps/libiconv/COPYING.LIB', 436, 438 ]
124 silly gunzTarPerm extractEntry deps/libiconv/ChangeLog
125 silly gunzTarPerm modified mode [ 'deps/libiconv/ChangeLog', 436, 438 ]
126 silly gunzTarPerm extractEntry deps/libiconv/DEPENDENCIES
127 silly gunzTarPerm modified mode [ 'deps/libiconv/DEPENDENCIES', 436, 438 ]
128 silly gunzTarPerm extractEntry deps/libiconv/DESIGN
129 silly gunzTarPerm modified mode [ 'deps/libiconv/DESIGN', 436, 438 ]
130 silly gunzTarPerm extractEntry deps/libiconv/HACKING
131 silly gunzTarPerm modified mode [ 'deps/libiconv/HACKING', 436, 438 ]
132 silly gunzTarPerm extractEntry deps/libiconv/AUTHORS
133 silly gunzTarPerm modified mode [ 'deps/libiconv/AUTHORS', 436, 438 ]
134 silly gunzTarPerm extractEntry deps/libiconv/NEWS
135 silly gunzTarPerm modified mode [ 'deps/libiconv/NEWS', 436, 438 ]
136 silly gunzTarPerm extractEntry deps/libiconv/NOTES
137 silly gunzTarPerm modified mode [ 'deps/libiconv/NOTES', 436, 438 ]
138 silly gunzTarPerm extractEntry deps/libiconv/PORTS
139 silly gunzTarPerm modified mode [ 'deps/libiconv/PORTS', 436, 438 ]
140 silly gunzTarPerm extractEntry deps/libiconv/ABOUT-NLS
141 silly gunzTarPerm modified mode [ 'deps/libiconv/ABOUT-NLS', 436, 438 ]
142 silly gunzTarPerm extractEntry deps/libiconv/README.woe32
143 silly gunzTarPerm modified mode [ 'deps/libiconv/README.woe32', 436, 438 ]
144 silly gunzTarPerm extractEntry deps/libiconv/THANKS
145 silly gunzTarPerm modified mode [ 'deps/libiconv/THANKS', 436, 438 ]
146 silly gunzTarPerm extractEntry deps/libiconv/lib/euc_tw.h
147 silly gunzTarPerm modified mode [ 'deps/libiconv/lib/euc_tw.h', 436, 438 ]
148 silly gunzTarPerm extractEntry deps/libiconv/lib/aliases.gperf
149 silly gunzTarPerm modified mode [ 'deps/libiconv/lib/aliases.gperf', 436, 438 ]
150 silly gunzTarPerm extractEntry deps/libiconv/lib/aliases2.h
151 silly gunzTarPerm modified mode [ 'deps/libiconv/lib/aliases2.h', 436, 438 ]
152 silly gunzTarPerm extractEntry deps/libiconv/lib/aliases_aix.h
153 silly gunzTarPerm modified mode [ 'deps/libiconv/lib/aliases_aix.h', 436, 438 ]
154 silly gunzTarPerm extractEntry deps/libiconv/lib/aliases_aix_sysaix.h
155 silly gunzTarPerm modified mode [ 'deps/libiconv/lib/aliases_aix_sysaix.h', 436, 438 ]
156 silly gunzTarPerm extractEntry deps/libiconv/lib/aliases_dos.h
157 silly gunzTarPerm modified mode [ 'deps/libiconv/lib/aliases_dos.h', 436, 438 ]
158 silly gunzTarPerm extractEntry deps/libiconv/lib/aliases_extra.h
159 silly gunzTarPerm modified mode [ 'deps/libiconv/lib/aliases_extra.h', 436, 438 ]
160 silly gunzTarPerm extractEntry deps/libiconv/lib/aliases_osf1.h
161 silly gunzTarPerm modified mode [ 'deps/libiconv/lib/aliases_osf1.h', 436, 438 ]
162 silly gunzTarPerm extractEntry deps/libiconv/lib/aliases_osf1_sysosf1.h
163 silly gunzTarPerm modified mode [ 'deps/libiconv/lib/aliases_osf1_sysosf1.h', 436, 438 ]
164 silly gunzTarPerm extractEntry deps/libiconv/lib/aliases_sysaix.gperf
165 silly gunzTarPerm modified mode [ 'deps/libiconv/lib/aliases_sysaix.gperf', 436, 438 ]
166 silly gunzTarPerm extractEntry deps/libiconv/lib/aliases_sysaix.h
167 silly gunzTarPerm modified mode [ 'deps/libiconv/lib/aliases_sysaix.h', 436, 438 ]
168 silly gunzTarPerm extractEntry deps/libiconv/lib/aliases_syshpux.gperf
169 silly gunzTarPerm modified mode [ 'deps/libiconv/lib/aliases_syshpux.gperf', 436, 438 ]
170 silly gunzTarPerm extractEntry deps/libiconv/lib/aliases_syshpux.h
171 silly gunzTarPerm modified mode [ 'deps/libiconv/lib/aliases_syshpux.h', 436, 438 ]
172 silly gunzTarPerm extractEntry deps/libiconv/lib/aliases_sysosf1.gperf
173 silly gunzTarPerm modified mode [ 'deps/libiconv/lib/aliases_sysosf1.gperf', 436, 438 ]
174 silly gunzTarPerm extractEntry deps/libiconv/lib/aliases_sysosf1.h
175 silly gunzTarPerm modified mode [ 'deps/libiconv/lib/aliases_sysosf1.h', 436, 438 ]
176 silly gunzTarPerm extractEntry deps/libiconv/lib/aliases_syssolaris.gperf
177 silly gunzTarPerm modified mode [ 'deps/libiconv/lib/aliases_syssolaris.gperf', 436, 438 ]
178 silly gunzTarPerm extractEntry deps/libiconv/lib/aliases_syssolaris.h
179 silly gunzTarPerm modified mode [ 'deps/libiconv/lib/aliases_syssolaris.h', 436, 438 ]
180 silly gunzTarPerm extractEntry deps/libiconv/lib/armscii_8.h
181 silly gunzTarPerm modified mode [ 'deps/libiconv/lib/armscii_8.h', 436, 438 ]
182 silly gunzTarPerm extractEntry deps/libiconv/lib/ascii.h
183 silly gunzTarPerm modified mode [ 'deps/libiconv/lib/ascii.h', 436, 438 ]
184 silly gunzTarPerm extractEntry deps/libiconv/lib/atarist.h
185 silly gunzTarPerm modified mode [ 'deps/libiconv/lib/atarist.h', 436, 438 ]
186 silly gunzTarPerm extractEntry deps/libiconv/lib/big5.h
187 silly gunzTarPerm modified mode [ 'deps/libiconv/lib/big5.h', 436, 438 ]
188 silly gunzTarPerm extractEntry deps/libiconv/lib/big5_2003.h
189 silly gunzTarPerm modified mode [ 'deps/libiconv/lib/big5_2003.h', 436, 438 ]
190 silly gunzTarPerm extractEntry deps/libiconv/lib/big5hkscs1999.h
191 silly gunzTarPerm modified mode [ 'deps/libiconv/lib/big5hkscs1999.h', 436, 438 ]
192 silly gunzTarPerm extractEntry deps/libiconv/lib/big5hkscs2001.h
193 silly gunzTarPerm modified mode [ 'deps/libiconv/lib/big5hkscs2001.h', 436, 438 ]
194 silly gunzTarPerm extractEntry deps/libiconv/lib/big5hkscs2004.h
195 silly gunzTarPerm modified mode [ 'deps/libiconv/lib/big5hkscs2004.h', 436, 438 ]
196 silly gunzTarPerm extractEntry deps/libiconv/lib/big5hkscs2008.h
197 silly gunzTarPerm modified mode [ 'deps/libiconv/lib/big5hkscs2008.h', 436, 438 ]
198 silly gunzTarPerm extractEntry deps/libiconv/lib/c99.h
199 silly gunzTarPerm modified mode [ 'deps/libiconv/lib/c99.h', 436, 438 ]
200 silly gunzTarPerm extractEntry deps/libiconv/lib/canonical.h
201 silly gunzTarPerm modified mode [ 'deps/libiconv/lib/canonical.h', 436, 438 ]
202 silly gunzTarPerm extractEntry deps/libiconv/lib/canonical_aix.h
203 silly gunzTarPerm modified mode [ 'deps/libiconv/lib/canonical_aix.h', 436, 438 ]
204 silly gunzTarPerm extractEntry deps/libiconv/lib/canonical_aix_sysaix.h
205 silly gunzTarPerm modified mode [ 'deps/libiconv/lib/canonical_aix_sysaix.h', 436, 438 ]
206 silly gunzTarPerm extractEntry deps/libiconv/lib/canonical_dos.h
207 silly gunzTarPerm modified mode [ 'deps/libiconv/lib/canonical_dos.h', 436, 438 ]
208 silly gunzTarPerm extractEntry deps/libiconv/lib/canonical_extra.h
209 silly gunzTarPerm modified mode [ 'deps/libiconv/lib/canonical_extra.h', 436, 438 ]
210 silly gunzTarPerm extractEntry deps/libiconv/lib/canonical_local.h
211 silly gunzTarPerm modified mode [ 'deps/libiconv/lib/canonical_local.h', 436, 438 ]
212 silly gunzTarPerm extractEntry deps/libiconv/lib/canonical_local_sysaix.h
213 silly gunzTarPerm modified mode [ 'deps/libiconv/lib/canonical_local_sysaix.h', 436, 438 ]
214 silly gunzTarPerm extractEntry deps/libiconv/lib/canonical_local_syshpux.h
215 silly gunzTarPerm modified mode [ 'deps/libiconv/lib/canonical_local_syshpux.h', 436, 438 ]
216 silly gunzTarPerm extractEntry deps/libiconv/lib/canonical_local_sysosf1.h
217 silly gunzTarPerm modified mode [ 'deps/libiconv/lib/canonical_local_sysosf1.h', 436, 438 ]
218 silly gunzTarPerm extractEntry deps/libiconv/lib/canonical_local_syssolaris.h
219 silly gunzTarPerm modified mode [ 'deps/libiconv/lib/canonical_local_syssolaris.h', 436, 438 ]
220 silly gunzTarPerm extractEntry deps/libiconv/lib/canonical_osf1.h
221 silly gunzTarPerm modified mode [ 'deps/libiconv/lib/canonical_osf1.h', 436, 438 ]
222 silly gunzTarPerm extractEntry deps/libiconv/lib/canonical_osf1_sysosf1.h
223 silly gunzTarPerm modified mode [ 'deps/libiconv/lib/canonical_osf1_sysosf1.h', 436, 438 ]
224 silly gunzTarPerm extractEntry deps/libiconv/lib/canonical_sysaix.h
225 silly gunzTarPerm modified mode [ 'deps/libiconv/lib/canonical_sysaix.h', 436, 438 ]
226 silly gunzTarPerm extractEntry deps/libiconv/lib/canonical_syshpux.h
227 silly gunzTarPerm modified mode [ 'deps/libiconv/lib/canonical_syshpux.h', 436, 438 ]
228 silly gunzTarPerm extractEntry deps/libiconv/lib/canonical_sysosf1.h
229 silly gunzTarPerm modified mode [ 'deps/libiconv/lib/canonical_sysosf1.h', 436, 438 ]
230 silly gunzTarPerm extractEntry deps/libiconv/lib/canonical_syssolaris.h
231 silly gunzTarPerm modified mode [ 'deps/libiconv/lib/canonical_syssolaris.h', 436, 438 ]
232 silly gunzTarPerm extractEntry deps/libiconv/lib/ces_big5.h
233 silly gunzTarPerm modified mode [ 'deps/libiconv/lib/ces_big5.h', 436, 438 ]
234 silly gunzTarPerm extractEntry deps/libiconv/lib/ces_gbk.h
235 silly gunzTarPerm modified mode [ 'deps/libiconv/lib/ces_gbk.h', 436, 438 ]
236 silly gunzTarPerm extractEntry deps/libiconv/lib/cjk_variants.h
237 silly gunzTarPerm modified mode [ 'deps/libiconv/lib/cjk_variants.h', 436, 438 ]
238 silly gunzTarPerm extractEntry deps/libiconv/lib/cns11643.h
239 silly gunzTarPerm modified mode [ 'deps/libiconv/lib/cns11643.h', 436, 438 ]
240 silly gunzTarPerm extractEntry deps/libiconv/lib/cns11643_1.h
241 silly gunzTarPerm modified mode [ 'deps/libiconv/lib/cns11643_1.h', 436, 438 ]
242 silly gunzTarPerm extractEntry deps/libiconv/lib/cns11643_15.h
243 silly gunzTarPerm modified mode [ 'deps/libiconv/lib/cns11643_15.h', 436, 438 ]
244 silly gunzTarPerm extractEntry deps/libiconv/lib/cns11643_2.h
245 silly gunzTarPerm modified mode [ 'deps/libiconv/lib/cns11643_2.h', 436, 438 ]
246 silly gunzTarPerm extractEntry deps/libiconv/lib/cns11643_3.h
247 silly gunzTarPerm modified mode [ 'deps/libiconv/lib/cns11643_3.h', 436, 438 ]
248 silly gunzTarPerm extractEntry deps/libiconv/lib/cns11643_4.h
249 silly gunzTarPerm modified mode [ 'deps/libiconv/lib/cns11643_4.h', 436, 438 ]
250 silly gunzTarPerm extractEntry deps/libiconv/lib/cns11643_4a.h
251 silly gunzTarPerm modified mode [ 'deps/libiconv/lib/cns11643_4a.h', 436, 438 ]
252 silly gunzTarPerm extractEntry deps/libiconv/lib/cns11643_4b.h
253 silly gunzTarPerm modified mode [ 'deps/libiconv/lib/cns11643_4b.h', 436, 438 ]
254 silly gunzTarPerm extractEntry deps/libiconv/lib/cns11643_5.h
255 silly gunzTarPerm modified mode [ 'deps/libiconv/lib/cns11643_5.h', 436, 438 ]
256 silly gunzTarPerm extractEntry deps/libiconv/lib/cns11643_6.h
257 silly gunzTarPerm modified mode [ 'deps/libiconv/lib/cns11643_6.h', 436, 438 ]
258 silly gunzTarPerm extractEntry deps/libiconv/lib/cns11643_7.h
259 silly gunzTarPerm modified mode [ 'deps/libiconv/lib/cns11643_7.h', 436, 438 ]
260 silly gunzTarPerm extractEntry deps/libiconv/lib/cns11643_inv.h
261 silly gunzTarPerm modified mode [ 'deps/libiconv/lib/cns11643_inv.h', 436, 438 ]
262 silly gunzTarPerm extractEntry deps/libiconv/lib/converters.h
263 silly gunzTarPerm modified mode [ 'deps/libiconv/lib/converters.h', 436, 438 ]
264 silly gunzTarPerm extractEntry deps/libiconv/lib/cp1046.h
265 silly gunzTarPerm modified mode [ 'deps/libiconv/lib/cp1046.h', 436, 438 ]
266 silly gunzTarPerm extractEntry deps/libiconv/lib/cp1124.h
267 silly gunzTarPerm modified mode [ 'deps/libiconv/lib/cp1124.h', 436, 438 ]
268 silly gunzTarPerm extractEntry deps/libiconv/lib/cp1125.h
269 silly gunzTarPerm modified mode [ 'deps/libiconv/lib/cp1125.h', 436, 438 ]
270 silly gunzTarPerm extractEntry deps/libiconv/lib/cp1129.h
271 silly gunzTarPerm modified mode [ 'deps/libiconv/lib/cp1129.h', 436, 438 ]
272 silly gunzTarPerm extractEntry deps/libiconv/lib/cp1131.h
273 silly gunzTarPerm modified mode [ 'deps/libiconv/lib/cp1131.h', 436, 438 ]
274 silly gunzTarPerm extractEntry deps/libiconv/lib/cp1133.h
275 silly gunzTarPerm modified mode [ 'deps/libiconv/lib/cp1133.h', 436, 438 ]
276 silly gunzTarPerm extractEntry deps/libiconv/lib/cp1161.h
277 silly gunzTarPerm modified mode [ 'deps/libiconv/lib/cp1161.h', 436, 438 ]
278 silly gunzTarPerm extractEntry deps/libiconv/lib/cp1162.h
279 silly gunzTarPerm modified mode [ 'deps/libiconv/lib/cp1162.h', 436, 438 ]
280 silly gunzTarPerm extractEntry deps/libiconv/lib/cp1163.h
281 silly gunzTarPerm modified mode [ 'deps/libiconv/lib/cp1163.h', 436, 438 ]
282 silly gunzTarPerm extractEntry deps/libiconv/lib/cp1250.h
283 silly gunzTarPerm modified mode [ 'deps/libiconv/lib/cp1250.h', 436, 438 ]
284 silly gunzTarPerm extractEntry deps/libiconv/lib/cp1251.h
285 silly gunzTarPerm modified mode [ 'deps/libiconv/lib/cp1251.h', 436, 438 ]
286 silly gunzTarPerm extractEntry deps/libiconv/lib/cp1252.h
287 silly gunzTarPerm modified mode [ 'deps/libiconv/lib/cp1252.h', 436, 438 ]
288 silly gunzTarPerm extractEntry deps/libiconv/lib/cp1253.h
289 silly gunzTarPerm modified mode [ 'deps/libiconv/lib/cp1253.h', 436, 438 ]
290 silly gunzTarPerm extractEntry deps/libiconv/lib/cp1254.h
291 silly gunzTarPerm modified mode [ 'deps/libiconv/lib/cp1254.h', 436, 438 ]
292 silly gunzTarPerm extractEntry deps/libiconv/lib/cp1255.h
293 silly gunzTarPerm modified mode [ 'deps/libiconv/lib/cp1255.h', 436, 438 ]
294 silly gunzTarPerm extractEntry deps/libiconv/lib/cp1256.h
295 silly gunzTarPerm modified mode [ 'deps/libiconv/lib/cp1256.h', 436, 438 ]
296 silly gunzTarPerm extractEntry deps/libiconv/lib/cp1257.h
297 silly gunzTarPerm modified mode [ 'deps/libiconv/lib/cp1257.h', 436, 438 ]
298 silly gunzTarPerm extractEntry deps/libiconv/lib/cp1258.h
299 silly gunzTarPerm modified mode [ 'deps/libiconv/lib/cp1258.h', 436, 438 ]
300 silly gunzTarPerm extractEntry deps/libiconv/lib/cp437.h
301 silly gunzTarPerm modified mode [ 'deps/libiconv/lib/cp437.h', 436, 438 ]
302 silly gunzTarPerm extractEntry deps/libiconv/lib/cp737.h
303 silly gunzTarPerm modified mode [ 'deps/libiconv/lib/cp737.h', 436, 438 ]
304 silly gunzTarPerm extractEntry deps/libiconv/lib/cp775.h
305 silly gunzTarPerm modified mode [ 'deps/libiconv/lib/cp775.h', 436, 438 ]
306 silly gunzTarPerm extractEntry deps/libiconv/lib/cp850.h
307 silly gunzTarPerm modified mode [ 'deps/libiconv/lib/cp850.h', 436, 438 ]
308 silly gunzTarPerm extractEntry deps/libiconv/lib/cp852.h
309 silly gunzTarPerm modified mode [ 'deps/libiconv/lib/cp852.h', 436, 438 ]
310 silly gunzTarPerm extractEntry deps/libiconv/lib/cp853.h
311 silly gunzTarPerm modified mode [ 'deps/libiconv/lib/cp853.h', 436, 438 ]
312 silly gunzTarPerm extractEntry deps/libiconv/lib/cp855.h
313 silly gunzTarPerm modified mode [ 'deps/libiconv/lib/cp855.h', 436, 438 ]
314 silly gunzTarPerm extractEntry deps/libiconv/lib/cp856.h
315 silly gunzTarPerm modified mode [ 'deps/libiconv/lib/cp856.h', 436, 438 ]
316 silly gunzTarPerm extractEntry deps/libiconv/lib/cp857.h
317 silly gunzTarPerm modified mode [ 'deps/libiconv/lib/cp857.h', 436, 438 ]
318 silly gunzTarPerm extractEntry deps/libiconv/lib/cp858.h
319 silly gunzTarPerm modified mode [ 'deps/libiconv/lib/cp858.h', 436, 438 ]
320 silly gunzTarPerm extractEntry deps/libiconv/lib/cp860.h
321 silly gunzTarPerm modified mode [ 'deps/libiconv/lib/cp860.h', 436, 438 ]
322 silly gunzTarPerm extractEntry deps/libiconv/lib/cp861.h
323 silly gunzTarPerm modified mode [ 'deps/libiconv/lib/cp861.h', 436, 438 ]
324 silly gunzTarPerm extractEntry deps/libiconv/lib/cp862.h
325 silly gunzTarPerm modified mode [ 'deps/libiconv/lib/cp862.h', 436, 438 ]
326 silly gunzTarPerm extractEntry deps/libiconv/lib/cp863.h
327 silly gunzTarPerm modified mode [ 'deps/libiconv/lib/cp863.h', 436, 438 ]
328 silly gunzTarPerm extractEntry deps/libiconv/lib/cp864.h
329 silly gunzTarPerm modified mode [ 'deps/libiconv/lib/cp864.h', 436, 438 ]
330 silly gunzTarPerm extractEntry deps/libiconv/lib/cp865.h
331 silly gunzTarPerm modified mode [ 'deps/libiconv/lib/cp865.h', 436, 438 ]
332 silly gunzTarPerm extractEntry deps/libiconv/lib/cp866.h
333 silly gunzTarPerm modified mode [ 'deps/libiconv/lib/cp866.h', 436, 438 ]
334 silly gunzTarPerm extractEntry deps/libiconv/lib/cp869.h
335 silly gunzTarPerm modified mode [ 'deps/libiconv/lib/cp869.h', 436, 438 ]
336 silly gunzTarPerm extractEntry deps/libiconv/lib/cp874.h
337 silly gunzTarPerm modified mode [ 'deps/libiconv/lib/cp874.h', 436, 438 ]
338 silly gunzTarPerm extractEntry deps/libiconv/lib/cp922.h
339 silly gunzTarPerm modified mode [ 'deps/libiconv/lib/cp922.h', 436, 438 ]
340 silly gunzTarPerm extractEntry deps/libiconv/lib/cp932.h
341 silly gunzTarPerm modified mode [ 'deps/libiconv/lib/cp932.h', 436, 438 ]
342 silly gunzTarPerm extractEntry deps/libiconv/lib/cp932ext.h
343 silly gunzTarPerm modified mode [ 'deps/libiconv/lib/cp932ext.h', 436, 438 ]
344 silly gunzTarPerm extractEntry deps/libiconv/lib/cp936.h
345 silly gunzTarPerm modified mode [ 'deps/libiconv/lib/cp936.h', 436, 438 ]
346 silly gunzTarPerm extractEntry deps/libiconv/lib/cp936ext.h
347 silly gunzTarPerm modified mode [ 'deps/libiconv/lib/cp936ext.h', 436, 438 ]
348 silly gunzTarPerm extractEntry deps/libiconv/lib/cp943.h
349 silly gunzTarPerm modified mode [ 'deps/libiconv/lib/cp943.h', 436, 438 ]
350 silly gunzTarPerm extractEntry deps/libiconv/lib/cp949.h
351 silly gunzTarPerm modified mode [ 'deps/libiconv/lib/cp949.h', 436, 438 ]
352 silly gunzTarPerm extractEntry deps/libiconv/lib/cp950.h
353 silly gunzTarPerm modified mode [ 'deps/libiconv/lib/cp950.h', 436, 438 ]
354 silly gunzTarPerm extractEntry deps/libiconv/lib/cp950ext.h
355 silly gunzTarPerm modified mode [ 'deps/libiconv/lib/cp950ext.h', 436, 438 ]
356 silly gunzTarPerm extractEntry deps/libiconv/lib/dec_hanyu.h
357 silly gunzTarPerm modified mode [ 'deps/libiconv/lib/dec_hanyu.h', 436, 438 ]
358 silly gunzTarPerm extractEntry deps/libiconv/lib/dec_kanji.h
359 silly gunzTarPerm modified mode [ 'deps/libiconv/lib/dec_kanji.h', 436, 438 ]
360 silly gunzTarPerm extractEntry deps/libiconv/lib/encodings.def
361 silly gunzTarPerm modified mode [ 'deps/libiconv/lib/encodings.def', 436, 438 ]
362 silly gunzTarPerm extractEntry deps/libiconv/lib/encodings_aix.def
363 silly gunzTarPerm modified mode [ 'deps/libiconv/lib/encodings_aix.def', 436, 438 ]
364 silly gunzTarPerm extractEntry deps/libiconv/lib/encodings_dos.def
365 silly gunzTarPerm modified mode [ 'deps/libiconv/lib/encodings_dos.def', 436, 438 ]
366 silly gunzTarPerm extractEntry deps/libiconv/lib/encodings_extra.def
367 silly gunzTarPerm modified mode [ 'deps/libiconv/lib/encodings_extra.def', 436, 438 ]
368 silly gunzTarPerm extractEntry deps/libiconv/lib/encodings_local.def
369 silly gunzTarPerm modified mode [ 'deps/libiconv/lib/encodings_local.def', 436, 438 ]
370 silly gunzTarPerm extractEntry deps/libiconv/lib/encodings_osf1.def
371 silly gunzTarPerm modified mode [ 'deps/libiconv/lib/encodings_osf1.def', 436, 438 ]
372 silly gunzTarPerm extractEntry deps/libiconv/lib/euc_cn.h
373 silly gunzTarPerm modified mode [ 'deps/libiconv/lib/euc_cn.h', 436, 438 ]
374 silly gunzTarPerm extractEntry deps/libiconv/lib/euc_jisx0213.h
375 silly gunzTarPerm modified mode [ 'deps/libiconv/lib/euc_jisx0213.h', 436, 438 ]
376 silly gunzTarPerm extractEntry deps/libiconv/lib/euc_jp.h
377 silly gunzTarPerm modified mode [ 'deps/libiconv/lib/euc_jp.h', 436, 438 ]
378 silly gunzTarPerm extractEntry deps/libiconv/lib/euc_kr.h
379 silly gunzTarPerm modified mode [ 'deps/libiconv/lib/euc_kr.h', 436, 438 ]
380 silly gunzTarPerm extractEntry deps/libiconv/lib/aliases.h
381 silly gunzTarPerm modified mode [ 'deps/libiconv/lib/aliases.h', 436, 438 ]
382 silly gunzTarPerm extractEntry deps/libiconv/lib/flags.h
383 silly gunzTarPerm modified mode [ 'deps/libiconv/lib/flags.h', 436, 438 ]
384 silly gunzTarPerm extractEntry deps/libiconv/lib/flushwc.h
385 silly gunzTarPerm modified mode [ 'deps/libiconv/lib/flushwc.h', 436, 438 ]
386 silly gunzTarPerm extractEntry deps/libiconv/lib/gb12345.h
387 silly gunzTarPerm modified mode [ 'deps/libiconv/lib/gb12345.h', 436, 438 ]
388 silly gunzTarPerm extractEntry deps/libiconv/lib/gb12345ext.h
389 silly gunzTarPerm modified mode [ 'deps/libiconv/lib/gb12345ext.h', 436, 438 ]
390 silly gunzTarPerm extractEntry deps/libiconv/lib/gb18030.h
391 silly gunzTarPerm modified mode [ 'deps/libiconv/lib/gb18030.h', 436, 438 ]
392 silly gunzTarPerm extractEntry deps/libiconv/lib/gb18030ext.h
393 silly gunzTarPerm modified mode [ 'deps/libiconv/lib/gb18030ext.h', 436, 438 ]
394 silly gunzTarPerm extractEntry deps/libiconv/lib/gb18030uni.h
395 silly gunzTarPerm modified mode [ 'deps/libiconv/lib/gb18030uni.h', 436, 438 ]
396 silly gunzTarPerm extractEntry deps/libiconv/lib/gb2312.h
397 silly gunzTarPerm modified mode [ 'deps/libiconv/lib/gb2312.h', 436, 438 ]
398 silly gunzTarPerm extractEntry deps/libiconv/lib/gbk.h
399 silly gunzTarPerm modified mode [ 'deps/libiconv/lib/gbk.h', 436, 438 ]
400 silly gunzTarPerm extractEntry deps/libiconv/lib/gbkext1.h
401 silly gunzTarPerm modified mode [ 'deps/libiconv/lib/gbkext1.h', 436, 438 ]
402 silly gunzTarPerm extractEntry deps/libiconv/lib/gbkext2.h
403 silly gunzTarPerm modified mode [ 'deps/libiconv/lib/gbkext2.h', 436, 438 ]
404 silly gunzTarPerm extractEntry deps/libiconv/lib/gbkext_inv.h
405 silly gunzTarPerm modified mode [ 'deps/libiconv/lib/gbkext_inv.h', 436, 438 ]
406 silly gunzTarPerm extractEntry deps/libiconv/lib/genaliases.c
407 silly gunzTarPerm modified mode [ 'deps/libiconv/lib/genaliases.c', 436, 438 ]
408 silly gunzTarPerm extractEntry deps/libiconv/lib/genaliases2.c
409 silly gunzTarPerm modified mode [ 'deps/libiconv/lib/genaliases2.c', 436, 438 ]
410 silly gunzTarPerm extractEntry deps/libiconv/lib/genflags.c
411 silly gunzTarPerm modified mode [ 'deps/libiconv/lib/genflags.c', 436, 438 ]
412 silly gunzTarPerm extractEntry deps/libiconv/lib/gentranslit.c
413 silly gunzTarPerm modified mode [ 'deps/libiconv/lib/gentranslit.c', 436, 438 ]
414 silly gunzTarPerm extractEntry deps/libiconv/lib/georgian_academy.h
415 silly gunzTarPerm modified mode [ 'deps/libiconv/lib/georgian_academy.h', 436, 438 ]
416 silly gunzTarPerm extractEntry deps/libiconv/lib/georgian_ps.h
417 silly gunzTarPerm modified mode [ 'deps/libiconv/lib/georgian_ps.h', 436, 438 ]
418 silly gunzTarPerm extractEntry deps/libiconv/lib/hkscs1999.h
419 silly gunzTarPerm modified mode [ 'deps/libiconv/lib/hkscs1999.h', 436, 438 ]
420 silly gunzTarPerm extractEntry deps/libiconv/lib/hkscs2001.h
421 silly gunzTarPerm modified mode [ 'deps/libiconv/lib/hkscs2001.h', 436, 438 ]
422 silly gunzTarPerm extractEntry deps/libiconv/lib/hkscs2004.h
423 silly gunzTarPerm modified mode [ 'deps/libiconv/lib/hkscs2004.h', 436, 438 ]
424 silly gunzTarPerm extractEntry deps/libiconv/lib/hkscs2008.h
425 silly gunzTarPerm modified mode [ 'deps/libiconv/lib/hkscs2008.h', 436, 438 ]
426 silly gunzTarPerm extractEntry deps/libiconv/lib/hp_roman8.h
427 silly gunzTarPerm modified mode [ 'deps/libiconv/lib/hp_roman8.h', 436, 438 ]
428 silly gunzTarPerm extractEntry deps/libiconv/lib/hz.h
429 silly gunzTarPerm modified mode [ 'deps/libiconv/lib/hz.h', 436, 438 ]
430 silly gunzTarPerm extractEntry deps/libiconv/lib/iconv.c
431 silly gunzTarPerm modified mode [ 'deps/libiconv/lib/iconv.c', 436, 438 ]
432 silly gunzTarPerm extractEntry deps/libiconv/lib/iconv_open1.h
433 silly gunzTarPerm modified mode [ 'deps/libiconv/lib/iconv_open1.h', 436, 438 ]
434 silly gunzTarPerm extractEntry deps/libiconv/lib/iconv_open2.h
435 silly gunzTarPerm modified mode [ 'deps/libiconv/lib/iconv_open2.h', 436, 438 ]
436 silly gunzTarPerm extractEntry deps/libiconv/lib/iso2022_cn.h
437 silly gunzTarPerm modified mode [ 'deps/libiconv/lib/iso2022_cn.h', 436, 438 ]
438 silly gunzTarPerm extractEntry deps/libiconv/lib/iso2022_cnext.h
439 silly gunzTarPerm modified mode [ 'deps/libiconv/lib/iso2022_cnext.h', 436, 438 ]
440 silly gunzTarPerm extractEntry deps/libiconv/lib/iso2022_jp.h
441 silly gunzTarPerm modified mode [ 'deps/libiconv/lib/iso2022_jp.h', 436, 438 ]
442 silly gunzTarPerm extractEntry deps/libiconv/lib/iso2022_jp1.h
443 silly gunzTarPerm modified mode [ 'deps/libiconv/lib/iso2022_jp1.h', 436, 438 ]
444 silly gunzTarPerm extractEntry deps/libiconv/lib/iso2022_jp2.h
445 silly gunzTarPerm modified mode [ 'deps/libiconv/lib/iso2022_jp2.h', 436, 438 ]
446 silly gunzTarPerm extractEntry deps/libiconv/lib/iso2022_jp3.h
447 silly gunzTarPerm modified mode [ 'deps/libiconv/lib/iso2022_jp3.h', 436, 438 ]
448 silly gunzTarPerm extractEntry deps/libiconv/lib/iso2022_kr.h
449 silly gunzTarPerm modified mode [ 'deps/libiconv/lib/iso2022_kr.h', 436, 438 ]
450 silly gunzTarPerm extractEntry deps/libiconv/lib/iso646_cn.h
451 silly gunzTarPerm modified mode [ 'deps/libiconv/lib/iso646_cn.h', 436, 438 ]
452 silly gunzTarPerm extractEntry deps/libiconv/lib/iso646_jp.h
453 silly gunzTarPerm modified mode [ 'deps/libiconv/lib/iso646_jp.h', 436, 438 ]
454 silly gunzTarPerm extractEntry deps/libiconv/lib/iso8859_1.h
455 silly gunzTarPerm modified mode [ 'deps/libiconv/lib/iso8859_1.h', 436, 438 ]
456 silly gunzTarPerm extractEntry deps/libiconv/lib/iso8859_10.h
457 silly gunzTarPerm modified mode [ 'deps/libiconv/lib/iso8859_10.h', 436, 438 ]
458 silly gunzTarPerm extractEntry deps/libiconv/lib/iso8859_11.h
459 silly gunzTarPerm modified mode [ 'deps/libiconv/lib/iso8859_11.h', 436, 438 ]
460 silly gunzTarPerm extractEntry deps/libiconv/lib/iso8859_13.h
461 silly gunzTarPerm modified mode [ 'deps/libiconv/lib/iso8859_13.h', 436, 438 ]
462 silly gunzTarPerm extractEntry deps/libiconv/lib/iso8859_14.h
463 silly gunzTarPerm modified mode [ 'deps/libiconv/lib/iso8859_14.h', 436, 438 ]
464 silly gunzTarPerm extractEntry deps/libiconv/lib/iso8859_15.h
465 silly gunzTarPerm modified mode [ 'deps/libiconv/lib/iso8859_15.h', 436, 438 ]
466 silly gunzTarPerm extractEntry deps/libiconv/lib/iso8859_16.h
467 silly gunzTarPerm modified mode [ 'deps/libiconv/lib/iso8859_16.h', 436, 438 ]
468 silly gunzTarPerm extractEntry deps/libiconv/lib/iso8859_2.h
469 silly gunzTarPerm modified mode [ 'deps/libiconv/lib/iso8859_2.h', 436, 438 ]
470 silly gunzTarPerm extractEntry deps/libiconv/lib/iso8859_3.h
471 silly gunzTarPerm modified mode [ 'deps/libiconv/lib/iso8859_3.h', 436, 438 ]
472 silly gunzTarPerm extractEntry deps/libiconv/lib/iso8859_4.h
473 silly gunzTarPerm modified mode [ 'deps/libiconv/lib/iso8859_4.h', 436, 438 ]
474 silly gunzTarPerm extractEntry deps/libiconv/lib/iso8859_5.h
475 silly gunzTarPerm modified mode [ 'deps/libiconv/lib/iso8859_5.h', 436, 438 ]
476 silly gunzTarPerm extractEntry deps/libiconv/lib/iso8859_6.h
477 silly gunzTarPerm modified mode [ 'deps/libiconv/lib/iso8859_6.h', 436, 438 ]
478 silly gunzTarPerm extractEntry deps/libiconv/lib/iso8859_7.h
479 silly gunzTarPerm modified mode [ 'deps/libiconv/lib/iso8859_7.h', 436, 438 ]
480 silly gunzTarPerm extractEntry deps/libiconv/lib/iso8859_8.h
481 silly gunzTarPerm modified mode [ 'deps/libiconv/lib/iso8859_8.h', 436, 438 ]
482 silly gunzTarPerm extractEntry deps/libiconv/lib/iso8859_9.h
483 silly gunzTarPerm modified mode [ 'deps/libiconv/lib/iso8859_9.h', 436, 438 ]
484 silly gunzTarPerm extractEntry deps/libiconv/lib/isoir165.h
485 silly gunzTarPerm modified mode [ 'deps/libiconv/lib/isoir165.h', 436, 438 ]
486 silly gunzTarPerm extractEntry deps/libiconv/lib/isoir165ext.h
487 silly gunzTarPerm modified mode [ 'deps/libiconv/lib/isoir165ext.h', 436, 438 ]
488 silly gunzTarPerm extractEntry deps/libiconv/lib/java.h
489 silly gunzTarPerm modified mode [ 'deps/libiconv/lib/java.h', 436, 438 ]
490 silly gunzTarPerm extractEntry deps/libiconv/lib/jisx0201.h
491 silly gunzTarPerm modified mode [ 'deps/libiconv/lib/jisx0201.h', 436, 438 ]
492 silly gunzTarPerm extractEntry deps/libiconv/lib/jisx0208.h
493 silly gunzTarPerm modified mode [ 'deps/libiconv/lib/jisx0208.h', 436, 438 ]
494 silly gunzTarPerm extractEntry deps/libiconv/lib/jisx0212.h
495 silly gunzTarPerm modified mode [ 'deps/libiconv/lib/jisx0212.h', 436, 438 ]
496 silly gunzTarPerm extractEntry deps/libiconv/lib/jisx0213.h
497 silly gunzTarPerm modified mode [ 'deps/libiconv/lib/jisx0213.h', 436, 438 ]
498 silly gunzTarPerm extractEntry deps/libiconv/lib/johab.h
499 silly gunzTarPerm modified mode [ 'deps/libiconv/lib/johab.h', 436, 438 ]
500 silly gunzTarPerm extractEntry deps/libiconv/lib/johab_hangul.h
501 silly gunzTarPerm modified mode [ 'deps/libiconv/lib/johab_hangul.h', 436, 438 ]
502 silly gunzTarPerm extractEntry deps/libiconv/lib/koi8_r.h
503 silly gunzTarPerm modified mode [ 'deps/libiconv/lib/koi8_r.h', 436, 438 ]
504 silly gunzTarPerm extractEntry deps/libiconv/lib/koi8_ru.h
505 silly gunzTarPerm modified mode [ 'deps/libiconv/lib/koi8_ru.h', 436, 438 ]
506 silly gunzTarPerm extractEntry deps/libiconv/lib/koi8_t.h
507 silly gunzTarPerm modified mode [ 'deps/libiconv/lib/koi8_t.h', 436, 438 ]
508 silly gunzTarPerm extractEntry deps/libiconv/lib/koi8_u.h
509 silly gunzTarPerm modified mode [ 'deps/libiconv/lib/koi8_u.h', 436, 438 ]
510 silly gunzTarPerm extractEntry deps/libiconv/lib/ksc5601.h
511 silly gunzTarPerm modified mode [ 'deps/libiconv/lib/ksc5601.h', 436, 438 ]
512 silly gunzTarPerm extractEntry deps/libiconv/lib/loop_unicode.h
513 silly gunzTarPerm modified mode [ 'deps/libiconv/lib/loop_unicode.h', 436, 438 ]
514 silly gunzTarPerm extractEntry deps/libiconv/lib/loop_wchar.h
515 silly gunzTarPerm modified mode [ 'deps/libiconv/lib/loop_wchar.h', 436, 438 ]
516 silly gunzTarPerm extractEntry deps/libiconv/lib/loops.h
517 silly gunzTarPerm modified mode [ 'deps/libiconv/lib/loops.h', 436, 438 ]
518 silly gunzTarPerm extractEntry deps/libiconv/lib/mac_arabic.h
519 silly gunzTarPerm modified mode [ 'deps/libiconv/lib/mac_arabic.h', 436, 438 ]
520 silly gunzTarPerm extractEntry deps/libiconv/lib/mac_centraleurope.h
521 silly gunzTarPerm modified mode [ 'deps/libiconv/lib/mac_centraleurope.h', 436, 438 ]
522 silly gunzTarPerm extractEntry deps/libiconv/lib/mac_croatian.h
523 silly gunzTarPerm modified mode [ 'deps/libiconv/lib/mac_croatian.h', 436, 438 ]
524 silly gunzTarPerm extractEntry deps/libiconv/lib/mac_cyrillic.h
525 silly gunzTarPerm modified mode [ 'deps/libiconv/lib/mac_cyrillic.h', 436, 438 ]
526 silly gunzTarPerm extractEntry deps/libiconv/lib/mac_greek.h
527 silly gunzTarPerm modified mode [ 'deps/libiconv/lib/mac_greek.h', 436, 438 ]
528 silly gunzTarPerm extractEntry deps/libiconv/lib/mac_hebrew.h
529 silly gunzTarPerm modified mode [ 'deps/libiconv/lib/mac_hebrew.h', 436, 438 ]
530 silly gunzTarPerm extractEntry deps/libiconv/lib/mac_iceland.h
531 silly gunzTarPerm modified mode [ 'deps/libiconv/lib/mac_iceland.h', 436, 438 ]
532 silly gunzTarPerm extractEntry deps/libiconv/lib/mac_roman.h
533 silly gunzTarPerm modified mode [ 'deps/libiconv/lib/mac_roman.h', 436, 438 ]
534 silly gunzTarPerm extractEntry deps/libiconv/lib/mac_romania.h
535 silly gunzTarPerm modified mode [ 'deps/libiconv/lib/mac_romania.h', 436, 438 ]
536 silly gunzTarPerm extractEntry deps/libiconv/lib/mac_thai.h
537 silly gunzTarPerm modified mode [ 'deps/libiconv/lib/mac_thai.h', 436, 438 ]
538 silly gunzTarPerm extractEntry deps/libiconv/lib/mac_turkish.h
539 silly gunzTarPerm modified mode [ 'deps/libiconv/lib/mac_turkish.h', 436, 438 ]
540 silly gunzTarPerm extractEntry deps/libiconv/lib/mac_ukraine.h
541 silly gunzTarPerm modified mode [ 'deps/libiconv/lib/mac_ukraine.h', 436, 438 ]
542 silly gunzTarPerm extractEntry deps/libiconv/lib/mulelao.h
543 silly gunzTarPerm modified mode [ 'deps/libiconv/lib/mulelao.h', 436, 438 ]
544 silly gunzTarPerm extractEntry deps/libiconv/lib/nextstep.h
545 silly gunzTarPerm modified mode [ 'deps/libiconv/lib/nextstep.h', 436, 438 ]
546 silly gunzTarPerm extractEntry deps/libiconv/lib/pt154.h
547 silly gunzTarPerm modified mode [ 'deps/libiconv/lib/pt154.h', 436, 438 ]
548 silly gunzTarPerm extractEntry deps/libiconv/lib/relocatable.c
549 silly gunzTarPerm modified mode [ 'deps/libiconv/lib/relocatable.c', 436, 438 ]
550 silly gunzTarPerm extractEntry deps/libiconv/lib/relocatable.h
551 silly gunzTarPerm modified mode [ 'deps/libiconv/lib/relocatable.h', 436, 438 ]
552 silly gunzTarPerm extractEntry deps/libiconv/lib/riscos1.h
553 silly gunzTarPerm modified mode [ 'deps/libiconv/lib/riscos1.h', 436, 438 ]
554 silly gunzTarPerm extractEntry deps/libiconv/lib/rk1048.h
555 silly gunzTarPerm modified mode [ 'deps/libiconv/lib/rk1048.h', 436, 438 ]
556 silly gunzTarPerm extractEntry deps/libiconv/lib/shift_jisx0213.h
557 silly gunzTarPerm modified mode [ 'deps/libiconv/lib/shift_jisx0213.h', 436, 438 ]
558 silly gunzTarPerm extractEntry deps/libiconv/lib/sjis.h
559 silly gunzTarPerm modified mode [ 'deps/libiconv/lib/sjis.h', 436, 438 ]
560 silly gunzTarPerm extractEntry deps/libiconv/lib/tcvn.h
561 silly gunzTarPerm modified mode [ 'deps/libiconv/lib/tcvn.h', 436, 438 ]
562 silly gunzTarPerm extractEntry deps/libiconv/lib/tds565.h
563 silly gunzTarPerm modified mode [ 'deps/libiconv/lib/tds565.h', 436, 438 ]
564 silly gunzTarPerm extractEntry deps/libiconv/lib/tis620.h
565 silly gunzTarPerm modified mode [ 'deps/libiconv/lib/tis620.h', 436, 438 ]
566 silly gunzTarPerm extractEntry deps/libiconv/lib/translit.def
567 silly gunzTarPerm modified mode [ 'deps/libiconv/lib/translit.def', 436, 438 ]
568 silly gunzTarPerm extractEntry deps/libiconv/lib/translit.h
569 silly gunzTarPerm modified mode [ 'deps/libiconv/lib/translit.h', 436, 438 ]
570 silly gunzTarPerm extractEntry deps/libiconv/lib/ucs2.h
571 silly gunzTarPerm modified mode [ 'deps/libiconv/lib/ucs2.h', 436, 438 ]
572 silly gunzTarPerm extractEntry deps/libiconv/lib/ucs2be.h
573 silly gunzTarPerm modified mode [ 'deps/libiconv/lib/ucs2be.h', 436, 438 ]
574 silly gunzTarPerm extractEntry deps/libiconv/lib/ucs2internal.h
575 silly gunzTarPerm modified mode [ 'deps/libiconv/lib/ucs2internal.h', 436, 438 ]
576 silly gunzTarPerm extractEntry deps/libiconv/lib/ucs2le.h
577 silly gunzTarPerm modified mode [ 'deps/libiconv/lib/ucs2le.h', 436, 438 ]
578 silly gunzTarPerm extractEntry deps/libiconv/lib/ucs2swapped.h
579 silly gunzTarPerm modified mode [ 'deps/libiconv/lib/ucs2swapped.h', 436, 438 ]
580 silly gunzTarPerm extractEntry deps/libiconv/lib/ucs4.h
581 silly gunzTarPerm modified mode [ 'deps/libiconv/lib/ucs4.h', 436, 438 ]
582 silly gunzTarPerm extractEntry deps/libiconv/lib/ucs4be.h
583 silly gunzTarPerm modified mode [ 'deps/libiconv/lib/ucs4be.h', 436, 438 ]
584 silly gunzTarPerm extractEntry deps/libiconv/lib/ucs4internal.h
585 silly gunzTarPerm modified mode [ 'deps/libiconv/lib/ucs4internal.h', 436, 438 ]
586 silly gunzTarPerm extractEntry deps/libiconv/lib/ucs4le.h
587 silly gunzTarPerm modified mode [ 'deps/libiconv/lib/ucs4le.h', 436, 438 ]
588 silly gunzTarPerm extractEntry deps/libiconv/lib/ucs4swapped.h
589 silly gunzTarPerm modified mode [ 'deps/libiconv/lib/ucs4swapped.h', 436, 438 ]
590 silly gunzTarPerm extractEntry deps/libiconv/lib/uhc_1.h
591 silly gunzTarPerm modified mode [ 'deps/libiconv/lib/uhc_1.h', 436, 438 ]
592 silly gunzTarPerm extractEntry deps/libiconv/lib/uhc_2.h
593 silly gunzTarPerm modified mode [ 'deps/libiconv/lib/uhc_2.h', 436, 438 ]
594 silly gunzTarPerm extractEntry deps/libiconv/lib/utf16.h
595 silly gunzTarPerm modified mode [ 'deps/libiconv/lib/utf16.h', 436, 438 ]
596 silly gunzTarPerm extractEntry deps/libiconv/lib/utf16be.h
597 silly gunzTarPerm modified mode [ 'deps/libiconv/lib/utf16be.h', 436, 438 ]
598 silly gunzTarPerm extractEntry deps/libiconv/lib/utf16le.h
599 silly gunzTarPerm modified mode [ 'deps/libiconv/lib/utf16le.h', 436, 438 ]
600 silly gunzTarPerm extractEntry deps/libiconv/lib/utf32.h
601 silly gunzTarPerm modified mode [ 'deps/libiconv/lib/utf32.h', 436, 438 ]
602 silly gunzTarPerm extractEntry deps/libiconv/lib/utf32be.h
603 silly gunzTarPerm modified mode [ 'deps/libiconv/lib/utf32be.h', 436, 438 ]
604 silly gunzTarPerm extractEntry deps/libiconv/lib/utf32le.h
605 silly gunzTarPerm modified mode [ 'deps/libiconv/lib/utf32le.h', 436, 438 ]
606 silly gunzTarPerm extractEntry deps/libiconv/lib/utf7.h
607 silly gunzTarPerm modified mode [ 'deps/libiconv/lib/utf7.h', 436, 438 ]
608 silly gunzTarPerm extractEntry deps/libiconv/lib/utf8.h
609 silly gunzTarPerm modified mode [ 'deps/libiconv/lib/utf8.h', 436, 438 ]
610 silly gunzTarPerm extractEntry deps/libiconv/lib/vietcomb.h
611 silly gunzTarPerm modified mode [ 'deps/libiconv/lib/vietcomb.h', 436, 438 ]
612 silly gunzTarPerm extractEntry deps/libiconv/lib/viscii.h
613 silly gunzTarPerm modified mode [ 'deps/libiconv/lib/viscii.h', 436, 438 ]
614 silly gunzTarPerm extractEntry lib/iconv.js
615 silly gunzTarPerm modified mode [ 'lib/iconv.js', 436, 438 ]
616 silly gunzTarPerm extractEntry src/binding.cc
617 silly gunzTarPerm modified mode [ 'src/binding.cc', 436, 438 ]
618 silly gunzTarPerm extractEntry support/config.h
619 silly gunzTarPerm modified mode [ 'support/config.h', 436, 438 ]
620 silly gunzTarPerm extractEntry support/iconv.h
621 silly gunzTarPerm modified mode [ 'support/iconv.h', 436, 438 ]
622 silly gunzTarPerm extractEntry test/test-basic.js
623 silly gunzTarPerm modified mode [ 'test/test-basic.js', 436, 438 ]
624 silly gunzTarPerm extractEntry test/test-big-buffer.js
625 silly gunzTarPerm modified mode [ 'test/test-big-buffer.js', 436, 438 ]
626 silly gunzTarPerm extractEntry test/test-stream.js
627 silly gunzTarPerm modified mode [ 'test/test-stream.js', 436, 438 ]
628 silly gunzTarPerm extractEntry test/fixtures/lorem-ipsum.txt
629 silly gunzTarPerm modified mode [ 'test/fixtures/lorem-ipsum.txt', 436, 438 ]
630 verbose write writing to D:\OpenServer\domains\yuap.m\node_modules\iconv\package.json
631 info preinstall iconv@2.1.11
632 verbose readDependencies loading dependencies from D:\OpenServer\domains\yuap.m\node_modules\iconv\package.json
633 silly prepareForInstallMany adding nan@~2.0.4 from iconv dependencies
634 verbose readDependencies loading dependencies from D:\OpenServer\domains\yuap.m\node_modules\iconv\package.json
635 silly cache add args [ 'nan@~2.0.4', null ]
636 verbose cache add spec nan@~2.0.4
637 silly cache add parsed spec Result {
637 silly cache add   raw: 'nan@~2.0.4',
637 silly cache add   scope: null,
637 silly cache add   name: 'nan',
637 silly cache add   rawSpec: '~2.0.4',
637 silly cache add   spec: '>=2.0.4 <2.1.0',
637 silly cache add   type: 'range' }
638 silly addNamed nan@>=2.0.4 <2.1.0
639 verbose addNamed ">=2.0.4 <2.1.0" is a valid semver range for nan
640 silly addNameRange { name: 'nan', range: '>=2.0.4 <2.1.0', hasData: false }
641 silly mapToRegistry name nan
642 silly mapToRegistry using default registry
643 silly mapToRegistry registry https://registry.npmjs.org/
644 silly mapToRegistry uri https://registry.npmjs.org/nan
645 verbose addNameRange registry:https://registry.npmjs.org/nan not in flight; fetching
646 verbose request uri https://registry.npmjs.org/nan
647 verbose request no auth needed
648 info attempt registry request try #1 at 17:23:48
649 verbose etag "BAF0CH6FX7ZGID84VMUQ15OTR"
650 http request GET https://registry.npmjs.org/nan
651 http 304 https://registry.npmjs.org/nan
652 verbose headers { date: 'Thu, 21 Apr 2016 14:23:47 GMT',
652 verbose headers   via: '1.1 varnish',
652 verbose headers   'cache-control': 'max-age=300',
652 verbose headers   etag: '"BAF0CH6FX7ZGID84VMUQ15OTR"',
652 verbose headers   age: '99',
652 verbose headers   connection: 'keep-alive',
652 verbose headers   'x-served-by': 'cache-fra1229-FRA',
652 verbose headers   'x-cache': 'HIT',
652 verbose headers   'x-cache-hits': '5',
652 verbose headers   'x-timer': 'S1461248627.600629,VS0,VE0',
652 verbose headers   vary: 'Accept-Encoding' }
653 silly get cb [ 304,
653 silly get   { date: 'Thu, 21 Apr 2016 14:23:47 GMT',
653 silly get     via: '1.1 varnish',
653 silly get     'cache-control': 'max-age=300',
653 silly get     etag: '"BAF0CH6FX7ZGID84VMUQ15OTR"',
653 silly get     age: '99',
653 silly get     connection: 'keep-alive',
653 silly get     'x-served-by': 'cache-fra1229-FRA',
653 silly get     'x-cache': 'HIT',
653 silly get     'x-cache-hits': '5',
653 silly get     'x-timer': 'S1461248627.600629,VS0,VE0',
653 silly get     vary: 'Accept-Encoding' } ]
654 verbose etag https://registry.npmjs.org/nan from cache
655 verbose get saving nan to C:\Users\SONY\AppData\Roaming\npm-cache\registry.npmjs.org\nan\.cache.json
656 verbose correctMkdir C:\Users\SONY\AppData\Roaming\npm-cache correctMkdir not in flight; initializing
657 silly addNameRange number 2 { name: 'nan', range: '>=2.0.4 <2.1.0', hasData: true }
658 silly addNameRange versions [ 'nan',
658 silly addNameRange   [ '0.3.0-wip',
658 silly addNameRange     '0.3.0-wip2',
658 silly addNameRange     '0.3.0',
658 silly addNameRange     '0.3.1',
658 silly addNameRange     '0.3.2',
658 silly addNameRange     '0.4.0',
658 silly addNameRange     '0.4.1',
658 silly addNameRange     '0.4.2',
658 silly addNameRange     '0.4.3',
658 silly addNameRange     '0.4.4',
658 silly addNameRange     '0.5.0',
658 silly addNameRange     '0.5.1',
658 silly addNameRange     '0.5.2',
658 silly addNameRange     '0.6.0',
658 silly addNameRange     '0.7.0',
658 silly addNameRange     '0.7.1',
658 silly addNameRange     '0.8.0',
658 silly addNameRange     '1.0.0',
658 silly addNameRange     '1.1.0',
658 silly addNameRange     '1.1.1',
658 silly addNameRange     '1.1.2',
658 silly addNameRange     '1.2.0',
658 silly addNameRange     '1.3.0',
658 silly addNameRange     '1.4.0',
658 silly addNameRange     '1.4.1',
658 silly addNameRange     '1.5.0',
658 silly addNameRange     '1.4.2',
658 silly addNameRange     '1.4.3',
658 silly addNameRange     '1.5.1',
658 silly addNameRange     '1.5.2',
658 silly addNameRange     '1.6.0',
658 silly addNameRange     '1.5.3',
658 silly addNameRange     '1.6.1',
658 silly addNameRange     '1.6.2',
658 silly addNameRange     '1.7.0',
658 silly addNameRange     '1.8.0',
658 silly addNameRange     '1.8.1',
658 silly addNameRange     '1.8.2',
658 silly addNameRange     '1.8.3',
658 silly addNameRange     '1.8.4',
658 silly addNameRange     '1.9.0',
658 silly addNameRange     '2.0.0',
658 silly addNameRange     '2.0.1',
658 silly addNameRange     '2.0.2',
658 silly addNameRange     '2.0.3',
658 silly addNameRange     '2.0.4',
658 silly addNameRange     '2.0.5',
658 silly addNameRange     '2.0.6',
658 silly addNameRange     '2.0.7',
658 silly addNameRange     '2.0.8',
658 silly addNameRange     '2.0.9',
658 silly addNameRange     '2.1.0',
658 silly addNameRange     '2.2.0',
658 silly addNameRange     '2.2.1' ] ]
659 silly addNamed nan@2.0.9
660 verbose addNamed "2.0.9" is a plain semver version for nan
661 silly cache afterAdd nan@2.0.9
662 verbose afterAdd C:\Users\SONY\AppData\Roaming\npm-cache\nan\2.0.9\package\package.json not in flight; writing
663 verbose correctMkdir C:\Users\SONY\AppData\Roaming\npm-cache correctMkdir not in flight; initializing
664 verbose afterAdd C:\Users\SONY\AppData\Roaming\npm-cache\nan\2.0.9\package\package.json written
665 silly install resolved [ { name: 'nan',
665 silly install resolved     version: '2.0.9',
665 silly install resolved     description: 'Native Abstractions for Node.js: C++ header for Node 0.8 -> 4 compatibility',
665 silly install resolved     main: 'include_dirs.js',
665 silly install resolved     repository: { type: 'git', url: 'git://github.com/nodejs/nan.git' },
665 silly install resolved     scripts:
665 silly install resolved      { test: 'tap --gc test/js/*-test.js',
665 silly install resolved        'rebuild-tests': 'pangyp rebuild --msvs_version=2013 --directory test',
665 silly install resolved        docs: 'doc/.build.sh' },
665 silly install resolved     contributors:
665 silly install resolved      [ [Object],
665 silly install resolved        [Object],
665 silly install resolved        [Object],
665 silly install resolved        [Object],
665 silly install resolved        [Object],
665 silly install resolved        [Object],
665 silly install resolved        [Object] ],
665 silly install resolved     devDependencies:
665 silly install resolved      { bindings: '~1.2.1',
665 silly install resolved        commander: '^2.8.1',
665 silly install resolved        glob: '^5.0.14',
665 silly install resolved        'node-gyp': '~2.0.2',
665 silly install resolved        pangyp: '~2.2.0',
665 silly install resolved        tap: '~0.7.1',
665 silly install resolved        xtend: '~4.0.0' },
665 silly install resolved     license: 'MIT',
665 silly install resolved     bugs: { url: 'https://github.com/nodejs/nan/issues' },
665 silly install resolved     homepage: 'https://github.com/nodejs/nan#readme',
665 silly install resolved     _id: 'nan@2.0.9',
665 silly install resolved     _shasum: 'd02a770f46778842cceb94e17cab31ffc7234a05',
665 silly install resolved     _resolved: 'https://registry.npmjs.org/nan/-/nan-2.0.9.tgz',
665 silly install resolved     _from: 'nan@>=2.0.4 <2.1.0',
665 silly install resolved     _npmVersion: '2.14.2',
665 silly install resolved     _nodeVersion: '4.0.0',
665 silly install resolved     _npmUser: { name: 'kkoopa', email: 'bbyholm@abo.fi' },
665 silly install resolved     maintainers: [ [Object], [Object] ],
665 silly install resolved     dist:
665 silly install resolved      { shasum: 'd02a770f46778842cceb94e17cab31ffc7234a05',
665 silly install resolved        tarball: 'https://registry.npmjs.org/nan/-/nan-2.0.9.tgz' },
665 silly install resolved     directories: {},
665 silly install resolved     readme: 'ERROR: No README data found!' } ]
666 info install nan@2.0.9 into D:\OpenServer\domains\yuap.m\node_modules\iconv
667 info installOne nan@2.0.9
668 verbose installOne of nan to D:\OpenServer\domains\yuap.m\node_modules\iconv not in flight; installing
669 verbose correctMkdir C:\Users\SONY\AppData\Roaming\npm-cache\_locks correctMkdir not in flight; initializing
670 verbose lock using C:\Users\SONY\AppData\Roaming\npm-cache\_locks\nan-f96a0a214d1937b1.lock for D:\OpenServer\domains\yuap.m\node_modules\iconv\node_modules\nan
671 silly install write writing nan 2.0.9 to D:\OpenServer\domains\yuap.m\node_modules\iconv\node_modules\nan
672 verbose unbuild node_modules\iconv\node_modules\nan
673 silly gentlyRm D:\OpenServer\domains\yuap.m\node_modules\iconv\node_modules\nan is being purged from base D:\OpenServer\domains\yuap.m
674 verbose gentlyRm don't care about contents; nuking D:\OpenServer\domains\yuap.m\node_modules\iconv\node_modules\nan
675 verbose tar unpack C:\Users\SONY\AppData\Roaming\npm-cache\nan\2.0.9\package.tgz
676 verbose tar unpacking to D:\OpenServer\domains\yuap.m\node_modules\iconv\node_modules\nan
677 silly gentlyRm D:\OpenServer\domains\yuap.m\node_modules\iconv\node_modules\nan is being purged
678 verbose gentlyRm don't care about contents; nuking D:\OpenServer\domains\yuap.m\node_modules\iconv\node_modules\nan
679 silly gunzTarPerm modes [ '777', '666' ]
680 silly gunzTarPerm extractEntry package.json
681 silly gunzTarPerm modified mode [ 'package.json', 436, 438 ]
682 silly gunzTarPerm extractEntry README.md
683 silly gunzTarPerm modified mode [ 'README.md', 436, 438 ]
684 silly gunzTarPerm extractEntry include_dirs.js
685 silly gunzTarPerm modified mode [ 'include_dirs.js', 436, 438 ]
686 silly gunzTarPerm extractEntry nan_converters.h
687 silly gunzTarPerm modified mode [ 'nan_converters.h', 436, 438 ]
688 silly gunzTarPerm extractEntry LICENSE.md
689 silly gunzTarPerm modified mode [ 'LICENSE.md', 436, 438 ]
690 silly gunzTarPerm extractEntry .dntrc
691 silly gunzTarPerm modified mode [ '.dntrc', 436, 438 ]
692 silly gunzTarPerm extractEntry appveyor.yml
693 silly gunzTarPerm modified mode [ 'appveyor.yml', 436, 438 ]
694 silly gunzTarPerm extractEntry doc/new.md
695 silly gunzTarPerm modified mode [ 'doc/new.md', 436, 438 ]
696 silly gunzTarPerm extractEntry doc/.build.sh
697 silly gunzTarPerm modified mode [ 'doc/.build.sh', 509, 511 ]
698 silly gunzTarPerm extractEntry doc/buffers.md
699 silly gunzTarPerm modified mode [ 'doc/buffers.md', 436, 438 ]
700 silly gunzTarPerm extractEntry doc/callback.md
701 silly gunzTarPerm modified mode [ 'doc/callback.md', 436, 438 ]
702 silly gunzTarPerm extractEntry doc/converters.md
703 silly gunzTarPerm modified mode [ 'doc/converters.md', 436, 438 ]
704 silly gunzTarPerm extractEntry doc/errors.md
705 silly gunzTarPerm modified mode [ 'doc/errors.md', 436, 438 ]
706 silly gunzTarPerm extractEntry doc/maybe_types.md
707 silly gunzTarPerm modified mode [ 'doc/maybe_types.md', 436, 438 ]
708 silly gunzTarPerm extractEntry doc/methods.md
709 silly gunzTarPerm modified mode [ 'doc/methods.md', 436, 438 ]
710 silly gunzTarPerm extractEntry doc/asyncworker.md
711 silly gunzTarPerm modified mode [ 'doc/asyncworker.md', 436, 438 ]
712 silly gunzTarPerm extractEntry doc/node_misc.md
713 silly gunzTarPerm modified mode [ 'doc/node_misc.md', 436, 438 ]
714 silly gunzTarPerm extractEntry doc/persistent.md
715 silly gunzTarPerm modified mode [ 'doc/persistent.md', 436, 438 ]
716 silly gunzTarPerm extractEntry doc/scopes.md
717 silly gunzTarPerm modified mode [ 'doc/scopes.md', 436, 438 ]
718 silly gunzTarPerm extractEntry doc/script.md
719 silly gunzTarPerm modified mode [ 'doc/script.md', 436, 438 ]
720 silly gunzTarPerm extractEntry doc/string_bytes.md
721 silly gunzTarPerm modified mode [ 'doc/string_bytes.md', 436, 438 ]
722 silly gunzTarPerm extractEntry doc/v8_internals.md
723 silly gunzTarPerm modified mode [ 'doc/v8_internals.md', 436, 438 ]
724 silly gunzTarPerm extractEntry doc/v8_misc.md
725 silly gunzTarPerm modified mode [ 'doc/v8_misc.md', 436, 438 ]
726 silly gunzTarPerm extractEntry nan.h
727 silly gunzTarPerm modified mode [ 'nan.h', 436, 438 ]
728 silly gunzTarPerm extractEntry nan_callbacks.h
729 silly gunzTarPerm modified mode [ 'nan_callbacks.h', 436, 438 ]
730 silly gunzTarPerm extractEntry nan_callbacks_12_inl.h
731 silly gunzTarPerm modified mode [ 'nan_callbacks_12_inl.h', 436, 438 ]
732 silly gunzTarPerm extractEntry nan_callbacks_pre_12_inl.h
733 silly gunzTarPerm modified mode [ 'nan_callbacks_pre_12_inl.h', 436, 438 ]
734 silly gunzTarPerm extractEntry nan_converters_43_inl.h
735 silly gunzTarPerm modified mode [ 'nan_converters_43_inl.h', 436, 438 ]
736 silly gunzTarPerm extractEntry nan_converters_pre_43_inl.h
737 silly gunzTarPerm modified mode [ 'nan_converters_pre_43_inl.h', 436, 438 ]
738 silly gunzTarPerm extractEntry nan_implementation_12_inl.h
739 silly gunzTarPerm modified mode [ 'nan_implementation_12_inl.h', 436, 438 ]
740 silly gunzTarPerm extractEntry nan_implementation_pre_12_inl.h
741 silly gunzTarPerm modified mode [ 'nan_implementation_pre_12_inl.h', 436, 438 ]
742 silly gunzTarPerm extractEntry nan_maybe_43_inl.h
743 silly gunzTarPerm modified mode [ 'nan_maybe_43_inl.h', 436, 438 ]
744 silly gunzTarPerm extractEntry nan_maybe_pre_43_inl.h
745 silly gunzTarPerm modified mode [ 'nan_maybe_pre_43_inl.h', 436, 438 ]
746 silly gunzTarPerm extractEntry nan_new.h
747 silly gunzTarPerm modified mode [ 'nan_new.h', 436, 438 ]
748 silly gunzTarPerm extractEntry nan_object_wrap.h
749 silly gunzTarPerm modified mode [ 'nan_object_wrap.h', 436, 438 ]
750 silly gunzTarPerm extractEntry nan_persistent_12_inl.h
751 silly gunzTarPerm modified mode [ 'nan_persistent_12_inl.h', 436, 438 ]
752 silly gunzTarPerm extractEntry nan_persistent_pre_12_inl.h
753 silly gunzTarPerm modified mode [ 'nan_persistent_pre_12_inl.h', 436, 438 ]
754 silly gunzTarPerm extractEntry nan_string_bytes.h
755 silly gunzTarPerm modified mode [ 'nan_string_bytes.h', 436, 438 ]
756 silly gunzTarPerm extractEntry nan_weak.h
757 silly gunzTarPerm modified mode [ 'nan_weak.h', 436, 438 ]
758 silly gunzTarPerm extractEntry CHANGELOG.md
759 silly gunzTarPerm modified mode [ 'CHANGELOG.md', 436, 438 ]
760 silly gunzTarPerm extractEntry tools/package.json
761 silly gunzTarPerm modified mode [ 'tools/package.json', 436, 438 ]
762 silly gunzTarPerm extractEntry tools/README.md
763 silly gunzTarPerm modified mode [ 'tools/README.md', 436, 438 ]
764 silly gunzTarPerm extractEntry tools/1to2.js
765 silly gunzTarPerm modified mode [ 'tools/1to2.js', 509, 511 ]
766 verbose write writing to D:\OpenServer\domains\yuap.m\node_modules\iconv\node_modules\nan\package.json
767 info preinstall nan@2.0.9
768 verbose readDependencies loading dependencies from D:\OpenServer\domains\yuap.m\node_modules\iconv\node_modules\nan\package.json
769 verbose readDependencies loading dependencies from D:\OpenServer\domains\yuap.m\node_modules\iconv\node_modules\nan\package.json
770 silly install resolved []
771 verbose about to build D:\OpenServer\domains\yuap.m\node_modules\iconv\node_modules\nan
772 info build D:\OpenServer\domains\yuap.m\node_modules\iconv\node_modules\nan
773 info linkStuff nan@2.0.9
774 silly linkStuff nan@2.0.9 has D:\OpenServer\domains\yuap.m\node_modules\iconv\node_modules as its parent node_modules
775 verbose linkBins nan@2.0.9
776 verbose linkMans nan@2.0.9
777 verbose rebuildBundles nan@2.0.9
778 info install nan@2.0.9
779 info postinstall nan@2.0.9
780 verbose unlock done using C:\Users\SONY\AppData\Roaming\npm-cache\_locks\nan-f96a0a214d1937b1.lock for D:\OpenServer\domains\yuap.m\node_modules\iconv\node_modules\nan
781 verbose about to build D:\OpenServer\domains\yuap.m\node_modules\iconv
782 info build D:\OpenServer\domains\yuap.m\node_modules\iconv
783 info linkStuff iconv@2.1.11
784 silly linkStuff iconv@2.1.11 has D:\OpenServer\domains\yuap.m\node_modules as its parent node_modules
785 verbose linkBins iconv@2.1.11
786 verbose linkMans iconv@2.1.11
787 verbose rebuildBundles iconv@2.1.11
788 verbose rebuildBundles [ 'nan' ]
789 info install iconv@2.1.11
790 verbose unsafe-perm in lifecycle true
791 info iconv@2.1.11 Failed to exec install script
792 verbose unlock done using C:\Users\SONY\AppData\Roaming\npm-cache\_locks\iconv-62f1c3e027b4eafb.lock for D:\OpenServer\domains\yuap.m\node_modules\iconv
793 verbose stack Error: iconv@2.1.11 install: `node-gyp rebuild`
793 verbose stack Exit status 1
793 verbose stack     at EventEmitter.<anonymous> (C:\Program Files\nodejs\node_modules\npm\lib\utils\lifecycle.js:214:16)
793 verbose stack     at emitTwo (events.js:87:13)
793 verbose stack     at EventEmitter.emit (events.js:172:7)
793 verbose stack     at ChildProcess.<anonymous> (C:\Program Files\nodejs\node_modules\npm\lib\utils\spawn.js:24:14)
793 verbose stack     at emitTwo (events.js:87:13)
793 verbose stack     at ChildProcess.emit (events.js:172:7)
793 verbose stack     at maybeClose (internal/child_process.js:827:16)
793 verbose stack     at Process.ChildProcess._handle.onexit (internal/child_process.js:211:5)
794 verbose pkgid iconv@2.1.11
795 verbose cwd D:\OpenServer\domains\yuap.m
796 error Windows_NT 10.0.10586
797 error argv "C:\\Program Files\\nodejs\\node.exe" "C:\\Program Files\\nodejs\\node_modules\\npm\\bin\\npm-cli.js" "i" "iconv"
798 error node v4.4.0
799 error npm  v2.14.20
800 error code ELIFECYCLE
801 error iconv@2.1.11 install: `node-gyp rebuild`
801 error Exit status 1
802 error Failed at the iconv@2.1.11 install script 'node-gyp rebuild'.
802 error This is most likely a problem with the iconv package,
802 error not with npm itself.
802 error Tell the author that this fails on your system:
802 error     node-gyp rebuild
802 error You can get information on how to open an issue for this project with:
802 error     npm bugs iconv
802 error Or if that isn't available, you can get their info via:
802 error
802 error     npm owner ls iconv
802 error There is likely additional logging output above.
803 verbose exit [ 1, true ]
804 verbose unbuild node_modules\iconv
805 info preuninstall iconv@2.1.11
806 info uninstall iconv@2.1.11
807 verbose unbuild rmStuff iconv@2.1.11 from D:\OpenServer\domains\yuap.m\node_modules
808 info postuninstall iconv@2.1.11
809 silly gentlyRm D:\OpenServer\domains\yuap.m\node_modules\iconv is being purged from base D:\OpenServer\domains\yuap.m
810 verbose gentlyRm don't care about contents; nuking D:\OpenServer\domains\yuap.m\node_modules\iconv
811 silly vacuum-fs purging D:\OpenServer\domains\yuap.m\node_modules\iconv
812 silly vacuum-fs quitting because other entries in D:\OpenServer\domains\yuap.m\node_modules
